<?xml version="1.0" encoding="UTF-8"?>
<!-- Generated by org.testng.reporters.JUnitReportReporter -->
<testsuite skipped="0" hostname="Riyaz" name="com.crm.qa.testcases.HomePageTest" tests="3" failures="0" timestamp="17 Sep 2020 13:52:15 GMT" time="282.603" errors="0">
  <testcase name="verifyHomePageTitleTest" time="68.900" classname="com.crm.qa.testcases.HomePageTest"/>
  <testcase name="verifyuserlabelTest" time="74.309" classname="com.crm.qa.testcases.HomePageTest"/>
  <testcase name="verifycontactslinkTest" time="139.394" classname="com.crm.qa.testcases.HomePageTest"/>
</testsuite> <!-- com.crm.qa.testcases.HomePageTest -->
