<?xml version="1.0" encoding="UTF-8"?>
<!-- Generated by org.testng.reporters.JUnitReportReporter -->
<testsuite skipped="0" hostname="Riyaz" name="com.crm.qa.testcases.LoginPageTest" tests="2" failures="0" timestamp="16 Sep 2020 16:22:37 GMT" time="211.723" errors="0">
  <testcase name="loginPageTitleTest" time="71.993" classname="com.crm.qa.testcases.LoginPageTest"/>
  <testcase name="loginTest" time="139.730" classname="com.crm.qa.testcases.LoginPageTest"/>
</testsuite> <!-- com.crm.qa.testcases.LoginPageTest -->
