<?xml version="1.0" encoding="UTF-8"?>
<!-- Generated by org.testng.reporters.JUnitReportReporter -->
<testsuite skipped="0" hostname="Riyaz" name="com.crm.qa.testcases.TaskPageTest" tests="3" failures="0" timestamp="17 Sep 2020 12:28:55 GMT" time="264.626" errors="0">
  <testcase name="validatecreatNewTask" time="103.968" classname="com.crm.qa.testcases.TaskPageTest"/>
  <testcase name="validatecreatNewTask" time="83.993" classname="com.crm.qa.testcases.TaskPageTest"/>
  <testcase name="validatecreatNewTask" time="76.665" classname="com.crm.qa.testcases.TaskPageTest"/>
</testsuite> <!-- com.crm.qa.testcases.TaskPageTest -->
