<?xml version="1.0" encoding="UTF-8"?>
<!-- Generated by org.testng.reporters.JUnitReportReporter -->
<testsuite skipped="0" hostname="Riyaz" name="com.crm.qa.testcases.HomePageTest" tests="3" failures="0" timestamp="16 Sep 2020 16:22:37 GMT" time="380.080" errors="0">
  <testcase name="verifyHomePageTitleTest" time="98.319" classname="com.crm.qa.testcases.HomePageTest"/>
  <testcase name="verifyuserlabelTest" time="154.559" classname="com.crm.qa.testcases.HomePageTest"/>
  <testcase name="verifycontactslinkTest" time="127.202" classname="com.crm.qa.testcases.HomePageTest"/>
</testsuite> <!-- com.crm.qa.testcases.HomePageTest -->
