<?xml version="1.0" encoding="UTF-8"?>
<!-- Generated by org.testng.reporters.JUnitReportReporter -->
<testsuite skipped="0" hostname="Riyaz" name="com.crm.qa.testcases.DealsPageTest" tests="4" failures="0" timestamp="17 Sep 2020 11:09:03 GMT" time="419.024" errors="0">
  <testcase name="verifyDealsPageLabel" time="139.734" classname="com.crm.qa.testcases.DealsPageTest"/>
  <testcase name="validatecreatNewDeal" time="91.720" classname="com.crm.qa.testcases.DealsPageTest"/>
  <testcase name="validatecreatNewDeal" time="78.872" classname="com.crm.qa.testcases.DealsPageTest"/>
  <testcase name="validatecreatNewDeal" time="108.698" classname="com.crm.qa.testcases.DealsPageTest"/>
</testsuite> <!-- com.crm.qa.testcases.DealsPageTest -->
