<?xml version="1.0" encoding="UTF-8"?>
<!-- Generated by org.testng.reporters.JUnitReportReporter -->
<testsuite skipped="0" hostname="Riyaz" name="com.crm.qa.testcases.ContactsPageTest" tests="5" failures="0" timestamp="17 Sep 2020 07:18:52 GMT" time="365.510" errors="0">
  <testcase name="validatecreatNewContact" time="78.591" classname="com.crm.qa.testcases.ContactsPageTest"/>
  <testcase name="validatecreatNewContact" time="85.213" classname="com.crm.qa.testcases.ContactsPageTest"/>
  <testcase name="validatecreatNewContact" time="71.696" classname="com.crm.qa.testcases.ContactsPageTest"/>
  <testcase name="validatecreatNewContact" time="59.894" classname="com.crm.qa.testcases.ContactsPageTest"/>
  <testcase name="verifycontactspagelabel" time="70.116" classname="com.crm.qa.testcases.ContactsPageTest"/>
</testsuite> <!-- com.crm.qa.testcases.ContactsPageTest -->
